<?xml version="1.0" encoding="UTF-8"?>

<!-- Generated by org.testng.reporters.JUnitReportReporter -->

<testsuite skipped="0" timestamp="2022-06-03T19:28:31 IST" errors="0" time="14.246" name="com.appimMain.assignmentAppium.appiumMainClass.TestToClickClass12BiologyAssignment5" tests="1" failures="0" hostname="LAPTOP-PV">

<!-- com.appimMain.assignmentAppium.appiumMainClass.TestToClickClass12BiologyAssignment5 -->

<testcase time="20.706" name="clickClass12Biology" classname="com.appimMain.assignmentAppium.appiumMainClass.methodToClickClass12Biology"/>

<system-out/>

</testsuite>